<?xml version="1.0" encoding="UTF-8"?>
<!-- Generated by org.testng.reporters.JUnitReportReporter -->
<testsuite skipped="0" hostname="LAPTOP-KRC4FANK" name="actiTimeTest.ActiTimeHomeTest" tests="1" failures="0" timestamp="25 Aug 2018 09:31:58 GMT" time="70.824" errors="0">
  <testcase name="testLogout" time="70.824" classname="actiTimeTest.ActiTimeHomeTest"/>
</testsuite> <!-- actiTimeTest.ActiTimeHomeTest -->
