<?xml version="1.0" encoding="UTF-8"?>
<!-- Generated by org.testng.reporters.JUnitReportReporter -->
<testsuite skipped="0" hostname="LAPTOP-KRC4FANK" name="actiTimeTest.TestLogin" tests="3" failures="0" timestamp="19 Aug 2018 10:04:38 GMT" time="42.277" errors="0">
  <testcase name="testValidCredentials" time="16.941" classname="actiTimeTest.TestLogin"/>
  <testcase name="testInvalidUn" time="12.793" classname="actiTimeTest.TestLogin"/>
  <testcase name="testInvalidPw" time="12.543" classname="actiTimeTest.TestLogin"/>
</testsuite> <!-- actiTimeTest.TestLogin -->
